0 info it worked if it ends with ok
1 verbose cli [ '/usr/local/Cellar/node/7.6.0/bin/node',
1 verbose cli   '/usr/local/bin/npm',
1 verbose cli   'version',
1 verbose cli   'truffle' ]
2 info using npm@4.1.2
3 info using node@v7.6.0
4 error version No valid package.json found
5 verbose stack Error: Error: ENOENT: no such file or directory, open '/Users/chenxi/Project/dapp/package.json'
5 verbose stack     at ReadFileContext.<anonymous> (/usr/local/lib/node_modules/npm/lib/version.js:111:23)
5 verbose stack     at ReadFileContext.callback (/usr/local/lib/node_modules/npm/node_modules/graceful-fs/graceful-fs.js:78:16)
5 verbose stack     at FSReqWrap.readFileAfterOpen [as oncomplete] (fs.js:357:13)
6 verbose cwd /Users/chenxi/Project/dapp
7 error Darwin 16.7.0
8 error argv "/usr/local/Cellar/node/7.6.0/bin/node" "/usr/local/bin/npm" "version" "truffle"
9 error node v7.6.0
10 error npm  v4.1.2
11 error code [ 'Error: ENOENT',
11 error code   'ENOENT',
11 error code   index: 0,
11 error code   input: 'Error: ENOENT: no such file or directory, open \'/Users/chenxi/Project/dapp/package.json\'' ]
12 error Error: ENOENT: no such file or directory, open '/Users/chenxi/Project/dapp/package.json'
13 error If you need help, you may report this error at:
13 error     <https://github.com/npm/npm/issues>
14 verbose exit [ 1, true ]
